<?xml version="1.0" encoding="UTF-8"?>
<!-- Generated by org.testng.reporters.JUnitXMLReporter -->
<testsuite ignored="1" hostname="DESKTOP-V8MHTOD" failures="0" tests="2" name="HRM Application Nucot" time="16.918" errors="0" timestamp="2023-11-21T18:23:50 IST">
  <testcase classname="darshanseries.test.Homepagetest" name="homePageTitleTest" time="0.06"/>
  <testcase classname="darshanseries.test.Homepagetest" name="systemUserDetailsTest" time="3.783"/>
  <testcase classname="darshanseries.test.Homepagetest" name="homePageURLTest" time="0.0">
    <ignored/>
  </testcase> <!-- homePageURLTest -->
</testsuite> <!-- HRM Application Nucot -->
